<?xml version="1.0" encoding="UTF-8"?>
<testsuite xmlns:xsi="http://www.w3.org/2001/XMLSchema-instance" xsi:noNamespaceSchemaLocation="https://maven.apache.org/surefire/maven-surefire-plugin/xsd/surefire-test-report.xsd" version="3.0.2" name="com.somevelisetty.project.uber.uberApp.UberAppApplicationTests" time="4.16" tests="1" errors="0" skipped="0" failures="0">
  <properties>
[...]
</properties>
  <testcase name="contextLoads" classname="com.somevelisetty.project.uber.uberApp.UberAppApplicationTests" time="0.299">
    <system-out><![CDATA[14:38:04.808 [main] INFO org.springframework.test.context.support.AnnotationConfigContextLoaderUtils -- Could not detect default configuration classes for test class [com.somevelisetty.project.uber.uberApp.UberAppApplicationTests]: UberAppApplicationTests does not declare any static, non-private, non-final, nested classes annotated with @Configuration.
14:38:04.851 [main] INFO org.springframework.boot.test.context.SpringBootTestContextBootstrapper -- Found @SpringBootConfiguration com.somevelisetty.project.uber.uberApp.UberAppApplication for test class com.somevelisetty.project.uber.uberApp.UberAppApplicationTests

  .   ____          _            __ _ _
 /\\ / ___'_ __ _ _(_)_ __  __ _ \ \ \ \
( ( )\___ | '_ | '_| | '_ \/ _` | \ \ \ \
 \\/  ___)| |_)| | | | | || (_| |  ) ) ) )
  '  |____| .__|_| |_|_| |_\__, | / / / /
 =========|_|==============|___/=/_/_/_/

 :: Spring Boot ::                (v3.4.1)

2024-12-31T14:38:04.991+05:30  INFO 3863 --- [uberApp] [           main] c.s.p.u.uberApp.UberAppApplicationTests  : Starting UberAppApplicationTests using Java 21.0.4 with PID 3863 (started by I528376 in /Users/I528376/Desktop/MyGithub/uberApp)
2024-12-31T14:38:04.991+05:30  INFO 3863 --- [uberApp] [           main] c.s.p.u.uberApp.UberAppApplicationTests  : No active profile set, falling back to 1 default profile: "default"
2024-12-31T14:38:05.214+05:30  INFO 3863 --- [uberApp] [           main] .s.d.r.c.RepositoryConfigurationDelegate : Bootstrapping Spring Data JPA repositories in DEFAULT mode.
2024-12-31T14:38:05.242+05:30  INFO 3863 --- [uberApp] [           main] .s.d.r.c.RepositoryConfigurationDelegate : Finished Spring Data repository scanning in 24 ms. Found 5 JPA repository interfaces.
2024-12-31T14:38:05.418+05:30  INFO 3863 --- [uberApp] [           main] o.hibernate.jpa.internal.util.LogHelper  : HHH000204: Processing PersistenceUnitInfo [name: default]
2024-12-31T14:38:05.442+05:30  INFO 3863 --- [uberApp] [           main] org.hibernate.Version                    : HHH000412: Hibernate ORM core version 6.6.4.Final
2024-12-31T14:38:05.447+05:30  INFO 3863 --- [uberApp] [           main] o.h.spatial.integration.SpatialService   : HHH80000001: hibernate-spatial integration enabled : true
2024-12-31T14:38:05.461+05:30  INFO 3863 --- [uberApp] [           main] o.h.c.internal.RegionFactoryInitiator    : HHH000026: Second-level cache disabled
2024-12-31T14:38:05.503+05:30  INFO 3863 --- [uberApp] [           main] com.zaxxer.hikari.HikariDataSource       : HikariPool-1 - Starting...
2024-12-31T14:38:05.606+05:30  INFO 3863 --- [uberApp] [           main] com.zaxxer.hikari.pool.HikariPool        : HikariPool-1 - Added connection org.postgresql.jdbc.PgConnection@67f946c3
2024-12-31T14:38:05.606+05:30  INFO 3863 --- [uberApp] [           main] com.zaxxer.hikari.HikariDataSource       : HikariPool-1 - Start completed.
2024-12-31T14:38:05.621+05:30  WARN 3863 --- [uberApp] [           main] org.hibernate.orm.deprecation            : HHH90000025: PostgreSQLDialect does not need to be specified explicitly using 'hibernate.dialect' (remove the property setting and it will be selected by default)
2024-12-31T14:38:05.628+05:30  INFO 3863 --- [uberApp] [           main] org.hibernate.orm.connections.pooling    : HHH10001005: Database info:
	Database JDBC URL [Connecting through datasource 'HikariDataSource (HikariPool-1)']
	Database driver: undefined/unknown
	Database version: 17.2
	Autocommit mode: undefined/unknown
	Isolation level: undefined/unknown
	Minimum pool size: undefined/unknown
	Maximum pool size: undefined/unknown
2024-12-31T14:38:05.632+05:30  INFO 3863 --- [uberApp] [           main] org.hibernate.spatial                    : HHH80000003: hibernate-spatial adding type contributions from : org.hibernate.spatial.dialect.postgis.PostgisDialectContributor
2024-12-31T14:38:05.706+05:30  INFO 3863 --- [uberApp] [           main] o.s.o.j.p.SpringPersistenceUnitInfo      : No LoadTimeWeaver setup: ignoring JPA class transformer
2024-12-31T14:38:05.715+05:30  INFO 3863 --- [uberApp] [           main] org.hibernate.spatial                    : HHH80000003: hibernate-spatial adding type contributions from : org.hibernate.spatial.dialect.postgis.PostgisDialectContributor
2024-12-31T14:38:05.829+05:30  INFO 3863 --- [uberApp] [           main] org.hibernate.spatial                    : HHH80000004: hibernate-spatial adding function contributions from : org.hibernate.spatial.dialect.postgis.PostgisDialectContributor
2024-12-31T14:38:06.087+05:30  INFO 3863 --- [uberApp] [           main] o.h.e.t.j.p.i.JtaPlatformInitiator       : HHH000489: No JTA platform available (set 'hibernate.transaction.jta.platform' to enable JTA platform integration)
2024-12-31T14:38:08.290+05:30  INFO 3863 --- [uberApp] [           main] j.LocalContainerEntityManagerFactoryBean : Initialized JPA EntityManagerFactory for persistence unit 'default'
2024-12-31T14:38:08.358+05:30  WARN 3863 --- [uberApp] [           main] JpaBaseConfiguration$JpaWebConfiguration : spring.jpa.open-in-view is enabled by default. Therefore, database queries may be performed during view rendering. Explicitly configure spring.jpa.open-in-view to disable this warning
2024-12-31T14:38:08.588+05:30  INFO 3863 --- [uberApp] [           main] c.s.p.u.uberApp.UberAppApplicationTests  : Started UberAppApplicationTests in 3.688 seconds (process running for 4.067)
]]></system-out>
    <system-err><![CDATA[Mockito is currently self-attaching to enable the inline-mock-maker. This will no longer work in future releases of the JDK. Please add Mockito as an agent to your build what is described in Mockito's documentation: https://javadoc.io/doc/org.mockito/mockito-core/latest/org/mockito/Mockito.html#0.3
WARNING: A Java agent has been loaded dynamically (/Users/I528376/.m2/repository/net/bytebuddy/byte-buddy-agent/1.15.11/byte-buddy-agent-1.15.11.jar)
WARNING: If a serviceability tool is in use, please run with -XX:+EnableDynamicAgentLoading to hide this warning
WARNING: If a serviceability tool is not in use, please run with -Djdk.instrument.traceUsage for more information
WARNING: Dynamic loading of agents will be disallowed by default in a future release
]]></system-err>
  </testcase>
</testsuite>